C:\Users\25760\.conda\envs\torch\python.exe "D:/Softwares/JetBrains/PyCharm 2023.1/plugins/python/helpers/pydev/pydevd.py" --multiprocess --qt-support=auto --client 127.0.0.1 --port 50712 --file E:\PythonProject\machine_learning\ML_project-Data_3\ML_project\MOEAs\IBEA.py
Connected to pydev debugger (build 231.8109.197)
====================================================================
gen|  eval  |      gd     |     igd     |      hv     |   spacing
--------------------------------------------------------------------
 0 |   50   |     None    |     None    | 6.31696E-02 | 4.17662E+03
 5 |  300   |     None    |     None    | 1.39693E-02 | 2.86857E+03
 10|  550   |     None    |     None    | 1.58325E-02 | 4.35028E+03
 15|  800   |     None    |     None    | 1.01911E-02 | 2.58017E+03
 20|  1050  |     None    |     None    | 8.13808E-03 | 3.92298E+03
 25|  1300  |     None    |     None    | 7.80017E-03 | 4.00452E+03
 30|  1550  |     None    |     None    | 7.97526E-03 | 3.62588E+03
 35|  1800  |     None    |     None    | 9.58532E-03 | 5.59984E+03
 40|  2050  |     None    |     None    | 8.92053E-03 | 3.13383E+03
 45|  2300  |     None    |     None    | 9.24627E-03 | 2.39055E+03
 50|  2550  |     None    |     None    | 1.00414E-02 | 3.91341E+03
 55|  2800  |     None    |     None    | 1.35018E-02 | 4.76516E+03
 60|  3050  |     None    |     None    | 8.07759E-03 | 4.76092E+03
 65|  3300  |     None    |     None    | 1.07349E-02 | 4.38822E+03
 70|  3550  |     None    |     None    | 1.01901E-02 | 4.37340E+03
 75|  3800  |     None    |     None    | 1.10779E-02 | 4.63523E+03
 80|  4050  |     None    |     None    | 8.27889E-03 | 4.15018E+03
 85|  4300  |     None    |     None    | 1.12515E-02 | 6.31422E+03
 90|  4550  |     None    |     None    | 1.17352E-02 | 4.66480E+03
 95|  4800  |     None    |     None    | 1.21854E-02 | 3.90825E+03
 99|  5000  |     None    |     None    | 1.21669E-02 | 4.97942E+03
用时：2799.738822221756 秒
非支配个体数：19 个

Process finished with exit code 0
