C:\Users\25760\.conda\envs\torch\python.exe "D:/Softwares/JetBrains/PyCharm 2023.1/plugins/python/helpers/pydev/pydevd.py" --multiprocess --qt-support=auto --client 127.0.0.1 --port 59355 --file E:\PythonProject\machine_learning\ML_project-Data_3\ML_project\MOEAs\REVA.py
Connected to pydev debugger (build 231.8109.197)
====================================================================
gen|  eval  |      gd     |     igd     |      hv     |   spacing
--------------------------------------------------------------------
 0 |   50   |     None    |     None    | 5.76290E-02 | 7.30599E+03
 5 |  300   |     None    |     None    | 4.10415E-03 | 1.15112E+04
 10|  550   |     None    |     None    | 9.09201E-04 | 3.21268E+03
 15|  800   |     None    |     None    | 2.57067E-03 | 3.07695E+03
 20|  1050  |     None    |     None    | 3.43669E-03 | 5.39175E+03
 25|  1300  |     None    |     None    | 5.28693E-03 | 3.29439E+03
 30|  1550  |     None    |     None    | 7.26338E-03 | 3.39893E+03
 35|  1800  |     None    |     None    | 7.22095E-03 | 3.05639E+03
 40|  2050  |     None    |     None    | 8.67884E-03 | 1.70566E+03
 45|  2300  |     None    |     None    | 8.42077E-03 | 2.12407E+03
 50|  2550  |     None    |     None    | 7.96403E-03 | 1.13669E+03
 55|  2800  |     None    |     None    | 7.78210E-03 | 1.22396E+03
 60|  3050  |     None    |     None    | 9.04787E-03 | 2.48460E+03
 65|  3300  |     None    |     None    | 8.79735E-03 | 1.88236E+03
 70|  3550  |     None    |     None    | 8.46189E-03 | 1.44948E+03
 75|  3800  |     None    |     None    | 7.98514E-03 | 2.51743E+03
 80|  4050  |     None    |     None    | 7.99727E-03 | 2.44617E+03
 85|  4300  |     None    |     None    | 7.63996E-03 | 1.30928E+03
 90|  4550  |     None    |     None    | 8.01189E-03 | 1.79438E+03
 95|  4800  |     None    |     None    | 7.57982E-03 | 2.69529E+03
 99|  5000  |     None    |     None    | 7.95097E-03 | 2.04407E+03
用时：2133.3667328357697 秒
非支配个体数：11 个

Process finished with exit code 0
